# JRE version: OpenJDK Runtime Environment Temurin-21.0.9+10 (21.0.9+10) (build 21.0.9+10-LTS)
# Java VM: OpenJDK 64-Bit Server VM Temurin-21.0.9+10 (21.0.9+10-LTS, mixed mode, sharing, tiered, compressed oops, compressed class ptrs, parallel gc, windows-amd64)
GC Precious Log:
 CardTable entry size: 512
 CPUs: 16 total, 16 available
 Memory: 16005M
 Large Page Support: Disabled
 NUMA Support: Disabled
 Compressed Oops: Enabled (32-bit)
 Alignments: Space 512K, Generation 512K, Heap 2M
 Heap Min Capacity: 100M
 Heap Initial Capacity: 100M
 Heap Max Capacity: 2G
 Pre-touch: Disabled
 Parallel Workers: 13
Heap:
 PSYoungGen      total 22528K, used 14187K [0x00000000d5580000, 0x00000000d6e80000, 0x0000000100000000)
  eden space 18944K, 62% used [0x00000000d5580000,0x00000000d611f470,0x00000000d6800000)
  from space 3584K, 63% used [0x00000000d6a80000,0x00000000d6cbbb00,0x00000000d6e00000)
  to   space 2560K, 0% used [0x00000000d6800000,0x00000000d6800000,0x00000000d6a80000)
 ParOldGen       total 1227264K, used 1227097K [0x0000000080000000, 0x00000000cae80000, 0x00000000d5580000)
  object space 1227264K, 99% used [0x0000000080000000,0x00000000cae56460,0x00000000cae80000)
 Metaspace       used 98491K, committed 100352K, reserved 1179648K
  class space    used 10004K, committed 10880K, reserved 1048576K
GC Heap History (20 events):
Event: 1899.170 GC heap before
{Heap before GC invocations=5263 (full 10):
 PSYoungGen      total 9728K, used 9716K [0x00000000d5580000, 0x00000000d6500000, 0x0000000100000000)
  eden space 8192K, 100% used [0x00000000d5580000,0x00000000d5d80000,0x00000000d5d80000)
  from space 1536K, 99% used [0x00000000d6080000,0x00000000d61fd200,0x00000000d6200000)
  to   space 3072K, 0% used [0x00000000d5d80000,0x00000000d5d80000,0x00000000d6080000)
 ParOldGen       total 1206272K, used 1206118K [0x0000000080000000, 0x00000000c9a00000, 0x00000000d5580000)
  object space 1206272K, 99% used [0x0000000080000000,0x00000000c99d9960,0x00000000c9a00000)
 Metaspace       used 98467K, committed 100352K, reserved 1179648K
  class space    used 10004K, committed 10880K, reserved 1048576K
}
Event: 1899.172 GC heap after
{Heap after GC invocations=5263 (full 10):
 PSYoungGen      total 11264K, used 864K [0x00000000d5580000, 0x00000000d6280000, 0x0000000100000000)
  eden space 8192K, 0% used [0x00000000d5580000,0x00000000d5580000,0x00000000d5d80000)
  from space 3072K, 28% used [0x00000000d5d80000,0x00000000d5e58000,0x00000000d6080000)
  to   space 1536K, 0% used [0x00000000d6100000,0x00000000d6100000,0x00000000d6280000)
 ParOldGen       total 1207808K, used 1207445K [0x0000000080000000, 0x00000000c9b80000, 0x00000000d5580000)
  object space 1207808K, 99% used [0x0000000080000000,0x00000000c9b256e0,0x00000000c9b80000)
 Metaspace       used 98467K, committed 100352K, reserved 1179648K
  class space    used 10004K, committed 10880K, reserved 1048576K
}
Event: 1899.177 GC heap before
{Heap before GC invocations=5264 (full 10):
 PSYoungGen      total 11264K, used 9056K [0x00000000d5580000, 0x00000000d6280000, 0x0000000100000000)
  eden space 8192K, 100% used [0x00000000d5580000,0x00000000d5d80000,0x00000000d5d80000)
  from space 3072K, 28% used [0x00000000d5d80000,0x00000000d5e58000,0x00000000d6080000)
  to   space 1536K, 0% used [0x00000000d6100000,0x00000000d6100000,0x00000000d6280000)
 ParOldGen       total 1207808K, used 1207445K [0x0000000080000000, 0x00000000c9b80000, 0x00000000d5580000)
  object space 1207808K, 99% used [0x0000000080000000,0x00000000c9b256e0,0x00000000c9b80000)
 Metaspace       used 98467K, committed 100352K, reserved 1179648K
  class space    used 10004K, committed 10880K, reserved 1048576K
}
Event: 1899.179 GC heap after
{Heap after GC invocations=5264 (full 10):
 PSYoungGen      total 11264K, used 912K [0x00000000d5580000, 0x00000000d6200000, 0x0000000100000000)
  eden space 10240K, 0% used [0x00000000d5580000,0x00000000d5580000,0x00000000d5f80000)
  from space 1024K, 89% used [0x00000000d6100000,0x00000000d61e4030,0x00000000d6200000)
  to   space 1024K, 0% used [0x00000000d6000000,0x00000000d6000000,0x00000000d6100000)
 ParOldGen       total 1208320K, used 1208065K [0x0000000080000000, 0x00000000c9c00000, 0x00000000d5580000)
  object space 1208320K, 99% used [0x0000000080000000,0x00000000c9bc0790,0x00000000c9c00000)
 Metaspace       used 98467K, committed 100352K, reserved 1179648K
  class space    used 10004K, committed 10880K, reserved 1048576K
}
Event: 1899.186 GC heap before
{Heap before GC invocations=5265 (full 10):
 PSYoungGen      total 11264K, used 11152K [0x00000000d5580000, 0x00000000d6200000, 0x0000000100000000)
  eden space 10240K, 100% used [0x00000000d5580000,0x00000000d5f80000,0x00000000d5f80000)
  from space 1024K, 89% used [0x00000000d6100000,0x00000000d61e4030,0x00000000d6200000)
  to   space 1024K, 0% used [0x00000000d6000000,0x00000000d6000000,0x00000000d6100000)
 ParOldGen       total 1208320K, used 1208065K [0x0000000080000000, 0x00000000c9c00000, 0x00000000d5580000)
  object space 1208320K, 99% used [0x0000000080000000,0x00000000c9bc0790,0x00000000c9c00000)
 Metaspace       used 98467K, committed 100352K, reserved 1179648K
  class space    used 10004K, committed 10880K, reserved 1048576K
}
Event: 1899.189 GC heap after
{Heap after GC invocations=5265 (full 10):
 PSYoungGen      total 11776K, used 1012K [0x00000000d5580000, 0x00000000d6680000, 0x0000000100000000)
  eden space 10752K, 0% used [0x00000000d5580000,0x00000000d5580000,0x00000000d6000000)
  from space 1024K, 98% used [0x00000000d6000000,0x00000000d60fd200,0x00000000d6100000)
  to   space 2560K, 0% used [0x00000000d6400000,0x00000000d6400000,0x00000000d6680000)
 ParOldGen       total 1209856K, used 1209354K [0x0000000080000000, 0x00000000c9d80000, 0x00000000d5580000)
  object space 1209856K, 99% used [0x0000000080000000,0x00000000c9d02840,0x00000000c9d80000)
 Metaspace       used 98467K, committed 100352K, reserved 1179648K
  class space    used 10004K, committed 10880K, reserved 1048576K
}
Event: 1899.195 GC heap before
{Heap before GC invocations=5266 (full 10):
 PSYoungGen      total 11776K, used 11764K [0x00000000d5580000, 0x00000000d6680000, 0x0000000100000000)
  eden space 10752K, 100% used [0x00000000d5580000,0x00000000d6000000,0x00000000d6000000)
  from space 1024K, 98% used [0x00000000d6000000,0x00000000d60fd200,0x00000000d6100000)
  to   space 2560K, 0% used [0x00000000d6400000,0x00000000d6400000,0x00000000d6680000)
 ParOldGen       total 1209856K, used 1209354K [0x0000000080000000, 0x00000000c9d80000, 0x00000000d5580000)
  object space 1209856K, 99% used [0x0000000080000000,0x00000000c9d02840,0x00000000c9d80000)
 Metaspace       used 98467K, committed 100352K, reserved 1179648K
  class space    used 10004K, committed 10880K, reserved 1048576K
}
Event: 1899.198 GC heap after
{Heap after GC invocations=5266 (full 10):
 PSYoungGen      total 14848K, used 976K [0x00000000d5580000, 0x00000000d6580000, 0x0000000100000000)
  eden space 13312K, 0% used [0x00000000d5580000,0x00000000d5580000,0x00000000d6280000)
  from space 1536K, 63% used [0x00000000d6400000,0x00000000d64f4030,0x00000000d6580000)
  to   space 1536K, 0% used [0x00000000d6280000,0x00000000d6280000,0x00000000d6400000)
 ParOldGen       total 1210880K, used 1210409K [0x0000000080000000, 0x00000000c9e80000, 0x00000000d5580000)
  object space 1210880K, 99% used [0x0000000080000000,0x00000000c9e0a5d0,0x00000000c9e80000)
 Metaspace       used 98467K, committed 100352K, reserved 1179648K
  class space    used 10004K, committed 10880K, reserved 1048576K
}
Event: 1900.293 GC heap before
{Heap before GC invocations=5267 (full 10):
 PSYoungGen      total 14848K, used 14288K [0x00000000d5580000, 0x00000000d6580000, 0x0000000100000000)
  eden space 13312K, 100% used [0x00000000d5580000,0x00000000d6280000,0x00000000d6280000)
  from space 1536K, 63% used [0x00000000d6400000,0x00000000d64f4030,0x00000000d6580000)
  to   space 1536K, 0% used [0x00000000d6280000,0x00000000d6280000,0x00000000d6400000)
 ParOldGen       total 1210880K, used 1210409K [0x0000000080000000, 0x00000000c9e80000, 0x00000000d5580000)
  object space 1210880K, 99% used [0x0000000080000000,0x00000000c9e0a5d0,0x00000000c9e80000)
 Metaspace       used 98470K, committed 100352K, reserved 1179648K
  class space    used 10004K, committed 10880K, reserved 1048576K
}
Event: 1900.295 GC heap after
{Heap after GC invocations=5267 (full 10):
 PSYoungGen      total 14848K, used 1524K [0x00000000d5580000, 0x00000000d6980000, 0x0000000100000000)
  eden space 13312K, 0% used [0x00000000d5580000,0x00000000d5580000,0x00000000d6280000)
  from space 1536K, 99% used [0x00000000d6280000,0x00000000d63fd200,0x00000000d6400000)
  to   space 3584K, 0% used [0x00000000d6600000,0x00000000d6600000,0x00000000d6980000)
 ParOldGen       total 1212416K, used 1211996K [0x0000000080000000, 0x00000000ca000000, 0x00000000d5580000)
  object space 1212416K, 99% used [0x0000000080000000,0x00000000c9f97340,0x00000000ca000000)
 Metaspace       used 98470K, committed 100352K, reserved 1179648K
  class space    used 10004K, committed 10880K, reserved 1048576K
}
Event: 1900.301 GC heap before
{Heap before GC invocations=5268 (full 10):
 PSYoungGen      total 14848K, used 14836K [0x00000000d5580000, 0x00000000d6980000, 0x0000000100000000)
  eden space 13312K, 100% used [0x00000000d5580000,0x00000000d6280000,0x00000000d6280000)
  from space 1536K, 99% used [0x00000000d6280000,0x00000000d63fd200,0x00000000d6400000)
  to   space 3584K, 0% used [0x00000000d6600000,0x00000000d6600000,0x00000000d6980000)
 ParOldGen       total 1212416K, used 1211996K [0x0000000080000000, 0x00000000ca000000, 0x00000000d5580000)
  object space 1212416K, 99% used [0x0000000080000000,0x00000000c9f97340,0x00000000ca000000)
 Metaspace       used 98470K, committed 100352K, reserved 1179648K
  class space    used 10004K, committed 10880K, reserved 1048576K
}
Event: 1900.303 GC heap after
{Heap after GC invocations=5268 (full 10):
 PSYoungGen      total 18432K, used 1104K [0x00000000d5580000, 0x00000000d6980000, 0x0000000100000000)
  eden space 14848K, 0% used [0x00000000d5580000,0x00000000d5580000,0x00000000d6400000)
  from space 3584K, 30% used [0x00000000d6600000,0x00000000d6714010,0x00000000d6980000)
  to   space 2048K, 0% used [0x00000000d6400000,0x00000000d6400000,0x00000000d6600000)
 ParOldGen       total 1213952K, used 1213549K [0x0000000080000000, 0x00000000ca180000, 0x00000000d5580000)
  object space 1213952K, 99% used [0x0000000080000000,0x00000000ca11b760,0x00000000ca180000)
 Metaspace       used 98470K, committed 100352K, reserved 1179648K
  class space    used 10004K, committed 10880K, reserved 1048576K
}
Event: 1900.317 GC heap before
{Heap before GC invocations=5269 (full 10):
 PSYoungGen      total 18432K, used 15880K [0x00000000d5580000, 0x00000000d6980000, 0x0000000100000000)
  eden space 14848K, 99% used [0x00000000d5580000,0x00000000d63ee200,0x00000000d6400000)
  from space 3584K, 30% used [0x00000000d6600000,0x00000000d6714010,0x00000000d6980000)
  to   space 2048K, 0% used [0x00000000d6400000,0x00000000d6400000,0x00000000d6600000)
 ParOldGen       total 1213952K, used 1213549K [0x0000000080000000, 0x00000000ca180000, 0x00000000d5580000)
  object space 1213952K, 99% used [0x0000000080000000,0x00000000ca11b760,0x00000000ca180000)
 Metaspace       used 98483K, committed 100352K, reserved 1179648K
  class space    used 10004K, committed 10880K, reserved 1048576K
}
Event: 1900.320 GC heap after
{Heap after GC invocations=5269 (full 10):
 PSYoungGen      total 16896K, used 2030K [0x00000000d5580000, 0x00000000d7400000, 0x0000000100000000)
  eden space 14848K, 0% used [0x00000000d5580000,0x00000000d5580000,0x00000000d6400000)
  from space 2048K, 99% used [0x00000000d6400000,0x00000000d65fb850,0x00000000d6600000)
  to   space 6656K, 0% used [0x00000000d6d80000,0x00000000d6d80000,0x00000000d7400000)
 ParOldGen       total 1217536K, used 1217230K [0x0000000080000000, 0x00000000ca500000, 0x00000000d5580000)
  object space 1217536K, 99% used [0x0000000080000000,0x00000000ca4b3be8,0x00000000ca500000)
 Metaspace       used 98483K, committed 100352K, reserved 1179648K
  class space    used 10004K, committed 10880K, reserved 1048576K
}
Event: 1900.338 GC heap before
{Heap before GC invocations=5270 (full 10):
 PSYoungGen      total 16896K, used 16878K [0x00000000d5580000, 0x00000000d7400000, 0x0000000100000000)
  eden space 14848K, 100% used [0x00000000d5580000,0x00000000d6400000,0x00000000d6400000)
  from space 2048K, 99% used [0x00000000d6400000,0x00000000d65fb850,0x00000000d6600000)
  to   space 6656K, 0% used [0x00000000d6d80000,0x00000000d6d80000,0x00000000d7400000)
 ParOldGen       total 1217536K, used 1217230K [0x0000000080000000, 0x00000000ca500000, 0x00000000d5580000)
  object space 1217536K, 99% used [0x0000000080000000,0x00000000ca4b3be8,0x00000000ca500000)
 Metaspace       used 98483K, committed 100352K, reserved 1179648K
  class space    used 10004K, committed 10880K, reserved 1048576K
}
Event: 1900.342 GC heap after
{Heap after GC invocations=5270 (full 10):
 PSYoungGen      total 21504K, used 6649K [0x00000000d5580000, 0x00000000d7400000, 0x0000000100000000)
  eden space 14848K, 0% used [0x00000000d5580000,0x00000000d5580000,0x00000000d6400000)
  from space 6656K, 99% used [0x00000000d6d80000,0x00000000d73fe7b8,0x00000000d7400000)
  to   space 7168K, 0% used [0x00000000d6600000,0x00000000d6600000,0x00000000d6d00000)
 ParOldGen       total 1219584K, used 1219292K [0x0000000080000000, 0x00000000ca700000, 0x00000000d5580000)
  object space 1219584K, 99% used [0x0000000080000000,0x00000000ca6b7228,0x00000000ca700000)
 Metaspace       used 98483K, committed 100352K, reserved 1179648K
  class space    used 10004K, committed 10880K, reserved 1048576K
}
Event: 1900.352 GC heap before
{Heap before GC invocations=5271 (full 10):
 PSYoungGen      total 21504K, used 21497K [0x00000000d5580000, 0x00000000d7400000, 0x0000000100000000)
  eden space 14848K, 100% used [0x00000000d5580000,0x00000000d6400000,0x00000000d6400000)
  from space 6656K, 99% used [0x00000000d6d80000,0x00000000d73fe7b8,0x00000000d7400000)
  to   space 7168K, 0% used [0x00000000d6600000,0x00000000d6600000,0x00000000d6d00000)
 ParOldGen       total 1219584K, used 1219292K [0x0000000080000000, 0x00000000ca700000, 0x00000000d5580000)
  object space 1219584K, 99% used [0x0000000080000000,0x00000000ca6b7228,0x00000000ca700000)
 Metaspace       used 98483K, committed 100352K, reserved 1179648K
  class space    used 10004K, committed 10880K, reserved 1048576K
}
Event: 1900.357 GC heap after
{Heap after GC invocations=5271 (full 10):
 PSYoungGen      total 18944K, used 1536K [0x00000000d5580000, 0x00000000d6e00000, 0x0000000100000000)
  eden space 16896K, 0% used [0x00000000d5580000,0x00000000d5580000,0x00000000d6600000)
  from space 2048K, 75% used [0x00000000d6600000,0x00000000d6780040,0x00000000d6800000)
  to   space 3584K, 0% used [0x00000000d6a80000,0x00000000d6a80000,0x00000000d6e00000)
 ParOldGen       total 1226240K, used 1225751K [0x0000000080000000, 0x00000000cad80000, 0x00000000d5580000)
  object space 1226240K, 99% used [0x0000000080000000,0x00000000cad05ee0,0x00000000cad80000)
 Metaspace       used 98483K, committed 100352K, reserved 1179648K
  class space    used 10004K, committed 10880K, reserved 1048576K
}
Event: 1900.372 GC heap before
{Heap before GC invocations=5272 (full 10):
 PSYoungGen      total 18944K, used 18432K [0x00000000d5580000, 0x00000000d6e00000, 0x0000000100000000)
  eden space 16896K, 100% used [0x00000000d5580000,0x00000000d6600000,0x00000000d6600000)
  from space 2048K, 75% used [0x00000000d6600000,0x00000000d6780040,0x00000000d6800000)
  to   space 3584K, 0% used [0x00000000d6a80000,0x00000000d6a80000,0x00000000d6e00000)
 ParOldGen       total 1226240K, used 1225751K [0x0000000080000000, 0x00000000cad80000, 0x00000000d5580000)
  object space 1226240K, 99% used [0x0000000080000000,0x00000000cad05ee0,0x00000000cad80000)
 Metaspace       used 98491K, committed 100352K, reserved 1179648K
  class space    used 10004K, committed 10880K, reserved 1048576K
}
Event: 1900.375 GC heap after
{Heap after GC invocations=5272 (full 10):
 PSYoungGen      total 22528K, used 2286K [0x00000000d5580000, 0x00000000d6e80000, 0x0000000100000000)
  eden space 18944K, 0% used [0x00000000d5580000,0x00000000d5580000,0x00000000d6800000)
  from space 3584K, 63% used [0x00000000d6a80000,0x00000000d6cbbb00,0x00000000d6e00000)
  to   space 2560K, 0% used [0x00000000d6800000,0x00000000d6800000,0x00000000d6a80000)
 ParOldGen       total 1227264K, used 1227097K [0x0000000080000000, 0x00000000cae80000, 0x00000000d5580000)
  object space 1227264K, 99% used [0x0000000080000000,0x00000000cae56460,0x00000000cae80000)
 Metaspace       used 98491K, committed 100352K, reserved 1179648K
  class space    used 10004K, committed 10880K, reserved 1048576K
}

