# JRE version: OpenJDK Runtime Environment Temurin-17.0.16+8 (17.0.17+10) (build 17.0.16+8)
# Java VM: OpenJDK 64-Bit Server VM Temurin-17.0.16+8 (17.0.17+10, mixed mode, tiered, compressed oops, compressed class ptrs, g1 gc, windows-amd64)
GC Precious Log:
 CPUs: 16 total, 16 available
 Memory: 16005M
 Large Page Support: Disabled
 NUMA Support: Disabled
 Compressed Oops: Enabled (Zero based)
 Heap Region Size: 2M
 Heap Min Capacity: 8M
 Heap Initial Capacity: 252M
 Heap Max Capacity: 4002M
 Pre-touch: Disabled
 Parallel Workers: 13
 Concurrent Workers: 3
 Concurrent Refinement Workers: 13
 Periodic GC: Disabled
Heap:
 garbage-first heap   total 159744K, used 35587K [0x0000000705e00000, 0x0000000800000000)
  region size 2048K, 9 young (18432K), 2 survivors (4096K)
 Metaspace       used 54012K, committed 54528K, reserved 1114112K
  class space    used 6482K, committed 6720K, reserved 1048576K
GC Heap History (20 events):
Event: 0.943 GC heap before
{Heap before GC invocations=1 (full 0):
 garbage-first heap   total 258048K, used 25529K [0x0000000705e00000, 0x0000000800000000)
  region size 2048K, 12 young (24576K), 2 survivors (4096K)
 Metaspace       used 21246K, committed 21504K, reserved 1114112K
  class space    used 2286K, committed 2432K, reserved 1048576K
}
Event: 0.946 GC heap after
{Heap after GC invocations=2 (full 0):
 garbage-first heap   total 258048K, used 8832K [0x0000000705e00000, 0x0000000800000000)
  region size 2048K, 1 young (2048K), 1 survivors (2048K)
 Metaspace       used 21246K, committed 21504K, reserved 1114112K
  class space    used 2286K, committed 2432K, reserved 1048576K
}
Event: 1.211 GC heap before
{Heap before GC invocations=3 (full 0):
 garbage-first heap   total 40960K, used 25216K [0x0000000705e00000, 0x0000000800000000)
  region size 2048K, 10 young (20480K), 1 survivors (2048K)
 Metaspace       used 25535K, committed 25856K, reserved 1114112K
  class space    used 2784K, committed 2944K, reserved 1048576K
}
Event: 1.214 GC heap after
{Heap after GC invocations=4 (full 0):
 garbage-first heap   total 40960K, used 9916K [0x0000000705e00000, 0x0000000800000000)
  region size 2048K, 2 young (4096K), 2 survivors (4096K)
 Metaspace       used 25535K, committed 25856K, reserved 1114112K
  class space    used 2784K, committed 2944K, reserved 1048576K
}
Event: 1.247 GC heap before
{Heap before GC invocations=4 (full 0):
 garbage-first heap   total 40960K, used 11964K [0x0000000705e00000, 0x0000000800000000)
  region size 2048K, 3 young (6144K), 2 survivors (4096K)
 Metaspace       used 25997K, committed 26240K, reserved 1114112K
  class space    used 2838K, committed 2944K, reserved 1048576K
}
Event: 1.251 GC heap after
{Heap after GC invocations=5 (full 0):
 garbage-first heap   total 40960K, used 9994K [0x0000000705e00000, 0x0000000800000000)
  region size 2048K, 1 young (2048K), 1 survivors (2048K)
 Metaspace       used 25997K, committed 26240K, reserved 1114112K
  class space    used 2838K, committed 2944K, reserved 1048576K
}
Event: 1.524 GC heap before
{Heap before GC invocations=5 (full 0):
 garbage-first heap   total 40960K, used 22282K [0x0000000705e00000, 0x0000000800000000)
  region size 2048K, 8 young (16384K), 1 survivors (2048K)
 Metaspace       used 28907K, committed 29184K, reserved 1114112K
  class space    used 3204K, committed 3328K, reserved 1048576K
}
Event: 1.528 GC heap after
{Heap after GC invocations=6 (full 0):
 garbage-first heap   total 40960K, used 11453K [0x0000000705e00000, 0x0000000800000000)
  region size 2048K, 1 young (2048K), 1 survivors (2048K)
 Metaspace       used 28907K, committed 29184K, reserved 1114112K
  class space    used 3204K, committed 3328K, reserved 1048576K
}
Event: 1.956 GC heap before
{Heap before GC invocations=6 (full 0):
 garbage-first heap   total 40960K, used 25789K [0x0000000705e00000, 0x0000000800000000)
  region size 2048K, 8 young (16384K), 1 survivors (2048K)
 Metaspace       used 29963K, committed 30208K, reserved 1114112K
  class space    used 3310K, committed 3456K, reserved 1048576K
}
Event: 1.964 GC heap after
{Heap after GC invocations=7 (full 0):
 garbage-first heap   total 149504K, used 12678K [0x0000000705e00000, 0x0000000800000000)
  region size 2048K, 1 young (2048K), 1 survivors (2048K)
 Metaspace       used 29963K, committed 30208K, reserved 1114112K
  class space    used 3310K, committed 3456K, reserved 1048576K
}
Event: 2.821 GC heap before
{Heap before GC invocations=7 (full 0):
 garbage-first heap   total 149504K, used 45446K [0x0000000705e00000, 0x0000000800000000)
  region size 2048K, 18 young (36864K), 1 survivors (2048K)
 Metaspace       used 35794K, committed 36096K, reserved 1114112K
  class space    used 4076K, committed 4224K, reserved 1048576K
}
Event: 2.829 GC heap after
{Heap after GC invocations=8 (full 0):
 garbage-first heap   total 149504K, used 15190K [0x0000000705e00000, 0x0000000800000000)
  region size 2048K, 2 young (4096K), 2 survivors (4096K)
 Metaspace       used 35794K, committed 36096K, reserved 1114112K
  class space    used 4076K, committed 4224K, reserved 1048576K
}
Event: 4.505 GC heap before
{Heap before GC invocations=9 (full 0):
 garbage-first heap   total 61440K, used 47958K [0x0000000705e00000, 0x0000000800000000)
  region size 2048K, 18 young (36864K), 2 survivors (4096K)
 Metaspace       used 45210K, committed 45632K, reserved 1114112K
  class space    used 5251K, committed 5440K, reserved 1048576K
}
Event: 4.514 GC heap after
{Heap after GC invocations=10 (full 0):
 garbage-first heap   total 61440K, used 18223K [0x0000000705e00000, 0x0000000800000000)
  region size 2048K, 3 young (6144K), 3 survivors (6144K)
 Metaspace       used 45210K, committed 45632K, reserved 1114112K
  class space    used 5251K, committed 5440K, reserved 1048576K
}
Event: 4.555 GC heap before
{Heap before GC invocations=10 (full 0):
 garbage-first heap   total 61440K, used 18223K [0x0000000705e00000, 0x0000000800000000)
  region size 2048K, 4 young (8192K), 3 survivors (6144K)
 Metaspace       used 45591K, committed 46080K, reserved 1114112K
  class space    used 5291K, committed 5504K, reserved 1048576K
}
Event: 4.564 GC heap after
{Heap after GC invocations=11 (full 0):
 garbage-first heap   total 61440K, used 18787K [0x0000000705e00000, 0x0000000800000000)
  region size 2048K, 1 young (2048K), 1 survivors (2048K)
 Metaspace       used 45591K, committed 46080K, reserved 1114112K
  class space    used 5291K, committed 5504K, reserved 1048576K
}
Event: 5.236 GC heap before
{Heap before GC invocations=11 (full 0):
 garbage-first heap   total 61440K, used 43363K [0x0000000705e00000, 0x0000000800000000)
  region size 2048K, 13 young (26624K), 1 survivors (2048K)
 Metaspace       used 48464K, committed 48896K, reserved 1114112K
  class space    used 5604K, committed 5824K, reserved 1048576K
}
Event: 5.247 GC heap after
{Heap after GC invocations=12 (full 0):
 garbage-first heap   total 61440K, used 21130K [0x0000000705e00000, 0x0000000800000000)
  region size 2048K, 2 young (4096K), 2 survivors (4096K)
 Metaspace       used 48464K, committed 48896K, reserved 1114112K
  class space    used 5604K, committed 5824K, reserved 1048576K
}
Event: 6.509 GC heap before
{Heap before GC invocations=12 (full 0):
 garbage-first heap   total 61440K, used 41610K [0x0000000705e00000, 0x0000000800000000)
  region size 2048K, 13 young (26624K), 2 survivors (4096K)
 Metaspace       used 52521K, committed 52992K, reserved 1114112K
  class space    used 6255K, committed 6464K, reserved 1048576K
}
Event: 6.515 GC heap after
{Heap after GC invocations=13 (full 0):
 garbage-first heap   total 159744K, used 23299K [0x0000000705e00000, 0x0000000800000000)
  region size 2048K, 2 young (4096K), 2 survivors (4096K)
 Metaspace       used 52521K, committed 52992K, reserved 1114112K
  class space    used 6255K, committed 6464K, reserved 1048576K
}

